2025-01-25 13:12:59,295 - INFO - Frissítési folyamat kezdõdik...
2025-01-25 13:12:59,296 - INFO - '02fixtures.py' futtatása kezdõdik...
2025-01-25 13:16:59,498 - INFO - '02fixtures.py' sikeresen lefutott
2025-01-25 13:16:59,498 - INFO - '03oddmapping.py' futtatása kezdõdik...
2025-01-25 13:17:30,391 - INFO - '03oddmapping.py' sikeresen lefutott
2025-01-25 13:17:30,391 - INFO - '05updateadom.py' futtatása kezdõdik...
2025-01-25 13:20:23,057 - INFO - '05updateadom.py' sikeresen lefutott
2025-01-25 13:20:23,058 - INFO - Minden szkript sikeresen lefutott. Teljes idõtartam: 0:07:23.763551
2025-01-25 22:20:05,143 - INFO - Frissítési folyamat kezdõdik...
2025-01-25 22:20:05,144 - INFO - '02fixtures.py' futtatása kezdõdik...
2025-01-25 22:24:05,070 - INFO - '02fixtures.py' sikeresen lefutott
2025-01-25 22:24:05,070 - INFO - '03oddmapping.py' futtatása kezdõdik...
2025-01-25 22:24:37,261 - INFO - '03oddmapping.py' sikeresen lefutott
2025-01-25 22:24:37,261 - INFO - '05updateadom.py' futtatása kezdõdik...
2025-01-25 22:30:30,135 - INFO - '05updateadom.py' sikeresen lefutott
2025-01-25 22:30:30,135 - INFO - Minden szkript sikeresen lefutott. Teljes idõtartam: 0:10:24.992146
2025-01-26 11:36:40,173 - INFO - Frissítési folyamat kezdõdik...
2025-01-26 11:36:40,174 - INFO - '02fixtures.py' futtatása kezdõdik...
2025-01-26 11:40:42,358 - INFO - '02fixtures.py' sikeresen lefutott
2025-01-26 11:40:42,359 - INFO - '03oddmapping.py' futtatása kezdõdik...
2025-01-26 11:41:11,948 - INFO - '03oddmapping.py' sikeresen lefutott
2025-01-26 11:41:11,949 - INFO - '05updateadom.py' futtatása kezdõdik...
2025-01-26 11:47:01,290 - INFO - '05updateadom.py' sikeresen lefutott
2025-01-26 11:47:01,290 - INFO - Minden szkript sikeresen lefutott. Teljes idõtartam: 0:10:21.117682
2025-01-26 15:23:18,090 - INFO - Frissítési folyamat kezdõdik...
2025-01-26 15:23:18,090 - INFO - '02fixtures.py' futtatása kezdõdik...
2025-01-26 15:27:17,392 - INFO - '02fixtures.py' sikeresen lefutott
2025-01-26 15:27:17,392 - INFO - '03oddmapping.py' futtatása kezdõdik...
2025-01-26 15:27:47,236 - INFO - '03oddmapping.py' sikeresen lefutott
2025-01-26 15:27:47,236 - INFO - '05updateadom.py' futtatása kezdõdik...
2025-01-26 15:30:46,286 - INFO - '05updateadom.py' sikeresen lefutott
2025-01-26 15:30:46,286 - INFO - Minden szkript sikeresen lefutott. Teljes idõtartam: 0:07:28.195772
2025-01-27 00:04:28,007 - INFO - Frissítési folyamat kezdõdik...
2025-01-27 00:04:28,007 - INFO - '02fixtures.py' futtatása kezdõdik...
2025-01-27 00:08:26,980 - INFO - '02fixtures.py' sikeresen lefutott
2025-01-27 00:08:26,980 - INFO - '03oddmapping.py' futtatása kezdõdik...
2025-01-27 00:08:57,696 - INFO - '03oddmapping.py' sikeresen lefutott
2025-01-27 00:08:57,697 - INFO - '05updateadom.py' futtatása kezdõdik...
2025-01-27 00:12:36,358 - INFO - '05updateadom.py' sikeresen lefutott
2025-01-27 00:12:36,358 - INFO - Minden szkript sikeresen lefutott. Teljes idõtartam: 0:08:08.351258
